2023-04-11 19:45:02 INFO  String:112 - Betika Url Opened Successfully
2023-04-11 19:45:02 INFO  String:112 - Phone Number Entered Successfully
2023-04-11 19:45:03 INFO  String:112 - Password Entered Successfully
2023-04-11 19:45:03 WARN  WebSocketHandler:142 - onError
java.net.SocketException: Connection reset
	at java.base/sun.nio.ch.SocketChannelImpl.throwConnectionReset(SocketChannelImpl.java:401)
	at java.base/sun.nio.ch.SocketChannelImpl.read(SocketChannelImpl.java:434)
	at io.netty.buffer.PooledByteBuf.setBytes(PooledByteBuf.java:259)
	at io.netty.buffer.AbstractByteBuf.writeBytes(AbstractByteBuf.java:1132)
	at io.netty.channel.socket.nio.NioSocketChannel.doReadBytes(NioSocketChannel.java:357)
	at io.netty.channel.nio.AbstractNioByteChannel$NioByteUnsafe.read(AbstractNioByteChannel.java:151)
	at io.netty.channel.nio.NioEventLoop.processSelectedKey(NioEventLoop.java:788)
	at io.netty.channel.nio.NioEventLoop.processSelectedKeysOptimized(NioEventLoop.java:724)
	at io.netty.channel.nio.NioEventLoop.processSelectedKeys(NioEventLoop.java:650)
	at io.netty.channel.nio.NioEventLoop.run(NioEventLoop.java:562)
	at io.netty.util.concurrent.SingleThreadEventExecutor$4.run(SingleThreadEventExecutor.java:997)
	at io.netty.util.internal.ThreadExecutorMap$2.run(ThreadExecutorMap.java:74)
	at io.netty.util.concurrent.FastThreadLocalRunnable.run(FastThreadLocalRunnable.java:30)
	at java.base/java.lang.Thread.run(Thread.java:1589)
2023-04-11 19:48:09 INFO  String:112 - Betika Url Opened Successfully
2023-04-11 19:48:09 INFO  String:112 - Phone Number Entered Successfully
2023-04-11 19:48:09 INFO  String:112 - Password Entered Successfully
2023-04-11 19:54:17 INFO  String:112 - Betika Url Opened Successfully
2023-04-11 19:54:17 INFO  String:112 - Phone Number Entered Successfully
2023-04-11 19:54:17 INFO  String:112 - Password Entered Successfully
2023-04-11 20:00:32 INFO  String:112 - Betika Url Opened Successfully
2023-04-11 20:00:33 INFO  String:112 - Phone Number Entered Successfully
2023-04-11 20:00:33 INFO  String:112 - Password Entered Successfully
2023-04-13 13:45:03 INFO  String:112 - Betika Url Opened Successfully
2023-04-13 13:45:03 INFO  String:112 - Phone Number Entered Successfully
2023-04-13 13:45:03 INFO  String:112 - Password Entered Successfully
